<?xml version="1.0" encoding="UTF-8"?>
<testng-results ignored="0" total="2" passed="2" failed="0" skipped="0">
  <reporter-output>
  </reporter-output>
  <suite started-at="2021-11-26T19:16:50 IST" name="Default suite" finished-at="2021-11-26T19:17:39 IST" duration-ms="48747">
    <groups>
    </groups>
    <test started-at="2021-11-26T19:16:50 IST" name="Default test" finished-at="2021-11-26T19:17:39 IST" duration-ms="48747">
      <class name="com.test.project.Testhello">
        <test-method signature="login()[pri:1, instance:com.test.project.Testhello@78aab498]" started-at="2021-11-26T19:16:50 IST" name="login" finished-at="2021-11-26T19:16:58 IST" duration-ms="8093" status="PASS">
          <reporter-output>
          </reporter-output>
        </test-method> <!-- login -->
        <test-method signature="article()[pri:2, instance:com.test.project.Testhello@78aab498]" started-at="2021-11-26T19:16:58 IST" name="article" finished-at="2021-11-26T19:17:39 IST" duration-ms="40617" status="PASS">
          <reporter-output>
          </reporter-output>
        </test-method> <!-- article -->
      </class> <!-- com.test.project.Testhello -->
    </test> <!-- Default test -->
  </suite> <!-- Default suite -->
</testng-results>
